<?xml version="1.0" encoding="UTF-8"?>
<testsuites name="jest tests" tests="23" failures="0" errors="0" time="11.063">
  <testsuite name="useData() hook tests" errors="0" failures="0" skipped="0" timestamp="2022-10-14T03:09:32" time="4.723" tests="2">
    <testcase classname="useData() hook tests call function after initialized" name="useData() hook tests call function after initialized" time="0.019">
    </testcase>
    <testcase classname="useData() hook tests returns error when call function has error" name="useData() hook tests returns error when call function has error" time="0.004">
    </testcase>
  </testsuite>
  <testsuite name="useGraph() hook tests" errors="0" failures="0" skipped="0" timestamp="2022-10-14T03:09:32" time="7.052" tests="3">
    <testcase classname="useGraph() hook tests call function after initialized" name="useGraph() hook tests call function after initialized" time="0.018">
    </testcase>
    <testcase classname="useGraph() hook tests call login() automatically when user has not consented" name="useGraph() hook tests call login() automatically when user has not consented" time="0.021">
    </testcase>
    <testcase classname="useGraph() hook tests shows error message when user cancels consent dialog" name="useGraph() hook tests shows error message when user cancels consent dialog" time="0.005">
    </testcase>
  </testsuite>
  <testsuite name="useTeams" errors="0" failures="0" skipped="0" timestamp="2022-10-14T03:09:32" time="7.31" tests="13">
    <testcase classname="useTeams Should return not in teams - app.initialize rejects" name="useTeams Should return not in teams - app.initialize rejects" time="0.029">
    </testcase>
    <testcase classname="useTeams Should return not in teams - app.getContext rejects" name="useTeams Should return not in teams - app.getContext rejects" time="0.007">
    </testcase>
    <testcase classname="useTeams Should create the useTeams hook - in teams" name="useTeams Should create the useTeams hook - in teams" time="0.007">
    </testcase>
    <testcase classname="useTeams Should create the useTeams hook with dark theme" name="useTeams Should create the useTeams hook with dark theme" time="0.004">
    </testcase>
    <testcase classname="useTeams Should create the useTeams hook with dark theme, based on query string" name="useTeams Should create the useTeams hook with dark theme, based on query string" time="0.005">
    </testcase>
    <testcase classname="useTeams Should create the useTeams hook with contrast theme" name="useTeams Should create the useTeams hook with contrast theme" time="0.005">
    </testcase>
    <testcase classname="useTeams Should create the useTeams hook with default theme, but switch to dark" name="useTeams Should create the useTeams hook with default theme, but switch to dark" time="0.004">
    </testcase>
    <testcase classname="useTeams Should create the useTeams hook with no theme, but switch to default" name="useTeams Should create the useTeams hook with no theme, but switch to default" time="0.003">
    </testcase>
    <testcase classname="useTeams Should call custom theme handler" name="useTeams Should call custom theme handler" time="0.003">
    </testcase>
    <testcase classname="useTeams Should not be fullscreen" name="useTeams Should not be fullscreen" time="0.06">
    </testcase>
    <testcase classname="useTeams Should be fullscreen" name="useTeams Should be fullscreen" time="0.002">
    </testcase>
    <testcase classname="useTeams Should call useEffect and render Fluent UI components" name="useTeams Should call useEffect and render Fluent UI components" time="0.04">
    </testcase>
    <testcase classname="useTeams Should run the functional component three times" name="useTeams Should run the functional component three times" time="0.068">
    </testcase>
  </testsuite>
  <testsuite name="index" errors="0" failures="0" skipped="0" timestamp="2022-10-14T03:09:32" time="8.805" tests="4">
    <testcase classname="index Should export useTeams" name="index Should export useTeams" time="0.002">
    </testcase>
    <testcase classname="index Should export useTeamsFx" name="index Should export useTeamsFx" time="0">
    </testcase>
    <testcase classname="index Should export useData" name="index Should export useData" time="0.001">
    </testcase>
    <testcase classname="index Should export useGraph" name="index Should export useGraph" time="0">
    </testcase>
  </testsuite>
  <testsuite name="useTeamsFx() hook tests" errors="0" failures="0" skipped="0" timestamp="2022-10-14T03:09:32" time="9.584" tests="1">
    <testcase classname="useTeamsFx() hook tests returns default teamsfx instance" name="useTeamsFx() hook tests returns default teamsfx instance" time="0.027">
    </testcase>
  </testsuite>
</testsuites>